ERROR - 2023-09-22 23:31:51 --> Error connecting to the database: mysqli_sql_exception: No connection could be made because the target machine actively refused it in C:\laragon\www\prdct\system\Database\MySQLi\Connection.php:185
Stack trace:
#0 C:\laragon\www\prdct\system\Database\MySQLi\Connection.php(185): mysqli->real_connect('localhost', 'root', '', 'prod', 3306, '', 0)
#1 C:\laragon\www\prdct\system\Database\BaseConnection.php(391): CodeIgniter\Database\MySQLi\Connection->connect(false)
#2 C:\laragon\www\prdct\system\Database\BaseConnection.php(574): CodeIgniter\Database\BaseConnection->initialize()
#3 C:\laragon\www\prdct\system\Database\BaseBuilder.php(1615): CodeIgniter\Database\BaseConnection->query('SELECT *\nFROM `...', Array, false)
#4 C:\laragon\www\prdct\system\Model.php(237): CodeIgniter\Database\BaseBuilder->get()
#5 C:\laragon\www\prdct\system\BaseModel.php(624): CodeIgniter\Model->doFindAll(0, 0)
#6 C:\laragon\www\prdct\app\Controllers\ProductController.php(42): CodeIgniter\BaseModel->findAll()
#7 C:\laragon\www\prdct\system\CodeIgniter.php(919): App\Controllers\ProductController->neil()
#8 C:\laragon\www\prdct\system\CodeIgniter.php(494): CodeIgniter\CodeIgniter->runController(Object(App\Controllers\ProductController))
#9 C:\laragon\www\prdct\system\CodeIgniter.php(353): CodeIgniter\CodeIgniter->handleRequest(NULL, Object(Config\Cache), false)
#10 C:\laragon\www\prdct\public\index.php(79): CodeIgniter\CodeIgniter->run()
#11 C:\laragon\www\prdct\system\Commands\Server\rewrite.php(47): require_once('C:\\laragon\\www\\...')
#12 {main}

Next CodeIgniter\Database\Exceptions\DatabaseException: No connection could be made because the target machine actively refused it in C:\laragon\www\prdct\system\Database\MySQLi\Connection.php:229
Stack trace:
#0 C:\laragon\www\prdct\system\Database\BaseConnection.php(391): CodeIgniter\Database\MySQLi\Connection->connect(false)
#1 C:\laragon\www\prdct\system\Database\BaseConnection.php(574): CodeIgniter\Database\BaseConnection->initialize()
#2 C:\laragon\www\prdct\system\Database\BaseBuilder.php(1615): CodeIgniter\Database\BaseConnection->query('SELECT *\nFROM `...', Array, false)
#3 C:\laragon\www\prdct\system\Model.php(237): CodeIgniter\Database\BaseBuilder->get()
#4 C:\laragon\www\prdct\system\BaseModel.php(624): CodeIgniter\Model->doFindAll(0, 0)
#5 C:\laragon\www\prdct\app\Controllers\ProductController.php(42): CodeIgniter\BaseModel->findAll()
#6 C:\laragon\www\prdct\system\CodeIgniter.php(919): App\Controllers\ProductController->neil()
#7 C:\laragon\www\prdct\system\CodeIgniter.php(494): CodeIgniter\CodeIgniter->runController(Object(App\Controllers\ProductController))
#8 C:\laragon\www\prdct\system\CodeIgniter.php(353): CodeIgniter\CodeIgniter->handleRequest(NULL, Object(Config\Cache), false)
#9 C:\laragon\www\prdct\public\index.php(79): CodeIgniter\CodeIgniter->run()
#10 C:\laragon\www\prdct\system\Commands\Server\rewrite.php(47): require_once('C:\\laragon\\www\\...')
#11 {main}
CRITICAL - 2023-09-22 23:31:51 --> Unable to connect to the database.
Main connection [MySQLi]: No connection could be made because the target machine actively refused it
in SYSTEMPATH\Database\BaseConnection.php on line 427.
 1 SYSTEMPATH\Database\BaseConnection.php(574): CodeIgniter\Database\BaseConnection->initialize()
 2 SYSTEMPATH\Database\BaseBuilder.php(1615): CodeIgniter\Database\BaseConnection->query('SELECT *
FROM `table_products`', [], false)
 3 SYSTEMPATH\Model.php(237): CodeIgniter\Database\BaseBuilder->get()
 4 SYSTEMPATH\BaseModel.php(624): CodeIgniter\Model->doFindAll(0, 0)
 5 APPPATH\Controllers\ProductController.php(42): CodeIgniter\BaseModel->findAll()
 6 SYSTEMPATH\CodeIgniter.php(919): App\Controllers\ProductController->neil()
 7 SYSTEMPATH\CodeIgniter.php(494): CodeIgniter\CodeIgniter->runController(Object(App\Controllers\ProductController))
 8 SYSTEMPATH\CodeIgniter.php(353): CodeIgniter\CodeIgniter->handleRequest(null, Object(Config\Cache), false)
 9 FCPATH\index.php(79): CodeIgniter\CodeIgniter->run()
10 SYSTEMPATH\Commands\Server\rewrite.php(47): require_once('C:\\laragon\\www\\prdct\\public\\index.php')
CRITICAL - 2023-09-22 23:32:02 --> Undefined array key "ProdId"
in APPPATH\Controllers\ProductController.php on line 16.
 1 APPPATH\Controllers\ProductController.php(16): CodeIgniter\Debug\Exceptions->errorHandler(2, 'Undefined array key "ProdId"', 'C:\\laragon\\www\\prdct\\app\\Controllers\\ProductController.php', 16)
 2 SYSTEMPATH\CodeIgniter.php(919): App\Controllers\ProductController->save()
 3 SYSTEMPATH\CodeIgniter.php(494): CodeIgniter\CodeIgniter->runController(Object(App\Controllers\ProductController))
 4 SYSTEMPATH\CodeIgniter.php(353): CodeIgniter\CodeIgniter->handleRequest(null, Object(Config\Cache), false)
 5 FCPATH\index.php(79): CodeIgniter\CodeIgniter->run()
 6 SYSTEMPATH\Commands\Server\rewrite.php(47): require_once('C:\\laragon\\www\\prdct\\public\\index.php')
ERROR - 2023-09-22 23:38:24 --> Error connecting to the database: mysqli_sql_exception: No connection could be made because the target machine actively refused it in C:\laragon\www\prdct\system\Database\MySQLi\Connection.php:185
Stack trace:
#0 C:\laragon\www\prdct\system\Database\MySQLi\Connection.php(185): mysqli->real_connect('localhost', 'root', '', 'prod', 3306, '', 0)
#1 C:\laragon\www\prdct\system\Database\BaseConnection.php(391): CodeIgniter\Database\MySQLi\Connection->connect(false)
#2 C:\laragon\www\prdct\system\Database\BaseConnection.php(574): CodeIgniter\Database\BaseConnection->initialize()
#3 C:\laragon\www\prdct\system\Database\BaseBuilder.php(1615): CodeIgniter\Database\BaseConnection->query('SELECT *\nFROM `...', Array, false)
#4 C:\laragon\www\prdct\system\Model.php(237): CodeIgniter\Database\BaseBuilder->get()
#5 C:\laragon\www\prdct\system\BaseModel.php(624): CodeIgniter\Model->doFindAll(0, 0)
#6 C:\laragon\www\prdct\app\Controllers\ProductController.php(42): CodeIgniter\BaseModel->findAll()
#7 C:\laragon\www\prdct\system\CodeIgniter.php(919): App\Controllers\ProductController->neil()
#8 C:\laragon\www\prdct\system\CodeIgniter.php(494): CodeIgniter\CodeIgniter->runController(Object(App\Controllers\ProductController))
#9 C:\laragon\www\prdct\system\CodeIgniter.php(353): CodeIgniter\CodeIgniter->handleRequest(NULL, Object(Config\Cache), false)
#10 C:\laragon\www\prdct\public\index.php(79): CodeIgniter\CodeIgniter->run()
#11 C:\laragon\www\prdct\system\Commands\Server\rewrite.php(47): require_once('C:\\laragon\\www\\...')
#12 {main}

Next CodeIgniter\Database\Exceptions\DatabaseException: No connection could be made because the target machine actively refused it in C:\laragon\www\prdct\system\Database\MySQLi\Connection.php:229
Stack trace:
#0 C:\laragon\www\prdct\system\Database\BaseConnection.php(391): CodeIgniter\Database\MySQLi\Connection->connect(false)
#1 C:\laragon\www\prdct\system\Database\BaseConnection.php(574): CodeIgniter\Database\BaseConnection->initialize()
#2 C:\laragon\www\prdct\system\Database\BaseBuilder.php(1615): CodeIgniter\Database\BaseConnection->query('SELECT *\nFROM `...', Array, false)
#3 C:\laragon\www\prdct\system\Model.php(237): CodeIgniter\Database\BaseBuilder->get()
#4 C:\laragon\www\prdct\system\BaseModel.php(624): CodeIgniter\Model->doFindAll(0, 0)
#5 C:\laragon\www\prdct\app\Controllers\ProductController.php(42): CodeIgniter\BaseModel->findAll()
#6 C:\laragon\www\prdct\system\CodeIgniter.php(919): App\Controllers\ProductController->neil()
#7 C:\laragon\www\prdct\system\CodeIgniter.php(494): CodeIgniter\CodeIgniter->runController(Object(App\Controllers\ProductController))
#8 C:\laragon\www\prdct\system\CodeIgniter.php(353): CodeIgniter\CodeIgniter->handleRequest(NULL, Object(Config\Cache), false)
#9 C:\laragon\www\prdct\public\index.php(79): CodeIgniter\CodeIgniter->run()
#10 C:\laragon\www\prdct\system\Commands\Server\rewrite.php(47): require_once('C:\\laragon\\www\\...')
#11 {main}
CRITICAL - 2023-09-22 23:38:24 --> Unable to connect to the database.
Main connection [MySQLi]: No connection could be made because the target machine actively refused it
in SYSTEMPATH\Database\BaseConnection.php on line 427.
 1 SYSTEMPATH\Database\BaseConnection.php(574): CodeIgniter\Database\BaseConnection->initialize()
 2 SYSTEMPATH\Database\BaseBuilder.php(1615): CodeIgniter\Database\BaseConnection->query('SELECT *
FROM `table_products`', [], false)
 3 SYSTEMPATH\Model.php(237): CodeIgniter\Database\BaseBuilder->get()
 4 SYSTEMPATH\BaseModel.php(624): CodeIgniter\Model->doFindAll(0, 0)
 5 APPPATH\Controllers\ProductController.php(42): CodeIgniter\BaseModel->findAll()
 6 SYSTEMPATH\CodeIgniter.php(919): App\Controllers\ProductController->neil()
 7 SYSTEMPATH\CodeIgniter.php(494): CodeIgniter\CodeIgniter->runController(Object(App\Controllers\ProductController))
 8 SYSTEMPATH\CodeIgniter.php(353): CodeIgniter\CodeIgniter->handleRequest(null, Object(Config\Cache), false)
 9 FCPATH\index.php(79): CodeIgniter\CodeIgniter->run()
10 SYSTEMPATH\Commands\Server\rewrite.php(47): require_once('C:\\laragon\\www\\prdct\\public\\index.php')
ERROR - 2023-09-22 23:38:28 --> Error connecting to the database: mysqli_sql_exception: No connection could be made because the target machine actively refused it in C:\laragon\www\prdct\system\Database\MySQLi\Connection.php:185
Stack trace:
#0 C:\laragon\www\prdct\system\Database\MySQLi\Connection.php(185): mysqli->real_connect('localhost', 'root', '', 'prod', 3306, '', 0)
#1 C:\laragon\www\prdct\system\Database\BaseConnection.php(391): CodeIgniter\Database\MySQLi\Connection->connect(false)
#2 C:\laragon\www\prdct\system\Database\BaseConnection.php(574): CodeIgniter\Database\BaseConnection->initialize()
#3 C:\laragon\www\prdct\system\Database\BaseBuilder.php(1615): CodeIgniter\Database\BaseConnection->query('SELECT *\nFROM `...', Array, false)
#4 C:\laragon\www\prdct\system\Model.php(237): CodeIgniter\Database\BaseBuilder->get()
#5 C:\laragon\www\prdct\system\BaseModel.php(624): CodeIgniter\Model->doFindAll(0, 0)
#6 C:\laragon\www\prdct\app\Controllers\ProductController.php(42): CodeIgniter\BaseModel->findAll()
#7 C:\laragon\www\prdct\system\CodeIgniter.php(919): App\Controllers\ProductController->neil()
#8 C:\laragon\www\prdct\system\CodeIgniter.php(494): CodeIgniter\CodeIgniter->runController(Object(App\Controllers\ProductController))
#9 C:\laragon\www\prdct\system\CodeIgniter.php(353): CodeIgniter\CodeIgniter->handleRequest(NULL, Object(Config\Cache), false)
#10 C:\laragon\www\prdct\public\index.php(79): CodeIgniter\CodeIgniter->run()
#11 C:\laragon\www\prdct\system\Commands\Server\rewrite.php(47): require_once('C:\\laragon\\www\\...')
#12 {main}

Next CodeIgniter\Database\Exceptions\DatabaseException: No connection could be made because the target machine actively refused it in C:\laragon\www\prdct\system\Database\MySQLi\Connection.php:229
Stack trace:
#0 C:\laragon\www\prdct\system\Database\BaseConnection.php(391): CodeIgniter\Database\MySQLi\Connection->connect(false)
#1 C:\laragon\www\prdct\system\Database\BaseConnection.php(574): CodeIgniter\Database\BaseConnection->initialize()
#2 C:\laragon\www\prdct\system\Database\BaseBuilder.php(1615): CodeIgniter\Database\BaseConnection->query('SELECT *\nFROM `...', Array, false)
#3 C:\laragon\www\prdct\system\Model.php(237): CodeIgniter\Database\BaseBuilder->get()
#4 C:\laragon\www\prdct\system\BaseModel.php(624): CodeIgniter\Model->doFindAll(0, 0)
#5 C:\laragon\www\prdct\app\Controllers\ProductController.php(42): CodeIgniter\BaseModel->findAll()
#6 C:\laragon\www\prdct\system\CodeIgniter.php(919): App\Controllers\ProductController->neil()
#7 C:\laragon\www\prdct\system\CodeIgniter.php(494): CodeIgniter\CodeIgniter->runController(Object(App\Controllers\ProductController))
#8 C:\laragon\www\prdct\system\CodeIgniter.php(353): CodeIgniter\CodeIgniter->handleRequest(NULL, Object(Config\Cache), false)
#9 C:\laragon\www\prdct\public\index.php(79): CodeIgniter\CodeIgniter->run()
#10 C:\laragon\www\prdct\system\Commands\Server\rewrite.php(47): require_once('C:\\laragon\\www\\...')
#11 {main}
CRITICAL - 2023-09-22 23:38:28 --> Unable to connect to the database.
Main connection [MySQLi]: No connection could be made because the target machine actively refused it
in SYSTEMPATH\Database\BaseConnection.php on line 427.
 1 SYSTEMPATH\Database\BaseConnection.php(574): CodeIgniter\Database\BaseConnection->initialize()
 2 SYSTEMPATH\Database\BaseBuilder.php(1615): CodeIgniter\Database\BaseConnection->query('SELECT *
FROM `table_products`', [], false)
 3 SYSTEMPATH\Model.php(237): CodeIgniter\Database\BaseBuilder->get()
 4 SYSTEMPATH\BaseModel.php(624): CodeIgniter\Model->doFindAll(0, 0)
 5 APPPATH\Controllers\ProductController.php(42): CodeIgniter\BaseModel->findAll()
 6 SYSTEMPATH\CodeIgniter.php(919): App\Controllers\ProductController->neil()
 7 SYSTEMPATH\CodeIgniter.php(494): CodeIgniter\CodeIgniter->runController(Object(App\Controllers\ProductController))
 8 SYSTEMPATH\CodeIgniter.php(353): CodeIgniter\CodeIgniter->handleRequest(null, Object(Config\Cache), false)
 9 FCPATH\index.php(79): CodeIgniter\CodeIgniter->run()
10 SYSTEMPATH\Commands\Server\rewrite.php(47): require_once('C:\\laragon\\www\\prdct\\public\\index.php')
ERROR - 2023-09-22 23:38:37 --> Error connecting to the database: mysqli_sql_exception: No connection could be made because the target machine actively refused it in C:\laragon\www\prdct\system\Database\MySQLi\Connection.php:185
Stack trace:
#0 C:\laragon\www\prdct\system\Database\MySQLi\Connection.php(185): mysqli->real_connect('localhost', 'root', '', 'prod', 3306, '', 0)
#1 C:\laragon\www\prdct\system\Database\BaseConnection.php(391): CodeIgniter\Database\MySQLi\Connection->connect(false)
#2 C:\laragon\www\prdct\system\Database\BaseConnection.php(574): CodeIgniter\Database\BaseConnection->initialize()
#3 C:\laragon\www\prdct\system\Database\BaseBuilder.php(2308): CodeIgniter\Database\BaseConnection->query('INSERT INTO `ta...', Array, false)
#4 C:\laragon\www\prdct\system\Model.php(319): CodeIgniter\Database\BaseBuilder->insert()
#5 C:\laragon\www\prdct\system\BaseModel.php(788): CodeIgniter\Model->doInsert(Array)
#6 C:\laragon\www\prdct\system\Model.php(715): CodeIgniter\BaseModel->insert(Array, false)
#7 C:\laragon\www\prdct\system\BaseModel.php(698): CodeIgniter\Model->insert(Array, false)
#8 C:\laragon\www\prdct\app\Controllers\ProductController.php(27): CodeIgniter\BaseModel->save(Array)
#9 C:\laragon\www\prdct\system\CodeIgniter.php(919): App\Controllers\ProductController->save()
#10 C:\laragon\www\prdct\system\CodeIgniter.php(494): CodeIgniter\CodeIgniter->runController(Object(App\Controllers\ProductController))
#11 C:\laragon\www\prdct\system\CodeIgniter.php(353): CodeIgniter\CodeIgniter->handleRequest(NULL, Object(Config\Cache), false)
#12 C:\laragon\www\prdct\public\index.php(79): CodeIgniter\CodeIgniter->run()
#13 C:\laragon\www\prdct\system\Commands\Server\rewrite.php(47): require_once('C:\\laragon\\www\\...')
#14 {main}

Next CodeIgniter\Database\Exceptions\DatabaseException: No connection could be made because the target machine actively refused it in C:\laragon\www\prdct\system\Database\MySQLi\Connection.php:229
Stack trace:
#0 C:\laragon\www\prdct\system\Database\BaseConnection.php(391): CodeIgniter\Database\MySQLi\Connection->connect(false)
#1 C:\laragon\www\prdct\system\Database\BaseConnection.php(574): CodeIgniter\Database\BaseConnection->initialize()
#2 C:\laragon\www\prdct\system\Database\BaseBuilder.php(2308): CodeIgniter\Database\BaseConnection->query('INSERT INTO `ta...', Array, false)
#3 C:\laragon\www\prdct\system\Model.php(319): CodeIgniter\Database\BaseBuilder->insert()
#4 C:\laragon\www\prdct\system\BaseModel.php(788): CodeIgniter\Model->doInsert(Array)
#5 C:\laragon\www\prdct\system\Model.php(715): CodeIgniter\BaseModel->insert(Array, false)
#6 C:\laragon\www\prdct\system\BaseModel.php(698): CodeIgniter\Model->insert(Array, false)
#7 C:\laragon\www\prdct\app\Controllers\ProductController.php(27): CodeIgniter\BaseModel->save(Array)
#8 C:\laragon\www\prdct\system\CodeIgniter.php(919): App\Controllers\ProductController->save()
#9 C:\laragon\www\prdct\system\CodeIgniter.php(494): CodeIgniter\CodeIgniter->runController(Object(App\Controllers\ProductController))
#10 C:\laragon\www\prdct\system\CodeIgniter.php(353): CodeIgniter\CodeIgniter->handleRequest(NULL, Object(Config\Cache), false)
#11 C:\laragon\www\prdct\public\index.php(79): CodeIgniter\CodeIgniter->run()
#12 C:\laragon\www\prdct\system\Commands\Server\rewrite.php(47): require_once('C:\\laragon\\www\\...')
#13 {main}
CRITICAL - 2023-09-22 23:38:37 --> Unable to connect to the database.
Main connection [MySQLi]: No connection could be made because the target machine actively refused it
in SYSTEMPATH\Database\BaseConnection.php on line 427.
 1 SYSTEMPATH\Database\BaseConnection.php(574): CodeIgniter\Database\BaseConnection->initialize()
 2 SYSTEMPATH\Database\BaseBuilder.php(2308): CodeIgniter\Database\BaseConnection->query('INSERT INTO `table_products` (`ProductName`, `ProductDescription`, `ProductCategory`, `ProductQuantity`, `ProductPrice`) VALUES (:ProductName:, :ProductDescription:, :ProductCategory:, :ProductQuantity:, :ProductPrice:)', [...], false)
 3 SYSTEMPATH\Model.php(319): CodeIgniter\Database\BaseBuilder->insert()
 4 SYSTEMPATH\BaseModel.php(788): CodeIgniter\Model->doInsert([...])
 5 SYSTEMPATH\Model.php(715): CodeIgniter\BaseModel->insert([...], false)
 6 SYSTEMPATH\BaseModel.php(698): CodeIgniter\Model->insert([...], false)
 7 APPPATH\Controllers\ProductController.php(27): CodeIgniter\BaseModel->save([...])
 8 SYSTEMPATH\CodeIgniter.php(919): App\Controllers\ProductController->save()
 9 SYSTEMPATH\CodeIgniter.php(494): CodeIgniter\CodeIgniter->runController(Object(App\Controllers\ProductController))
10 SYSTEMPATH\CodeIgniter.php(353): CodeIgniter\CodeIgniter->handleRequest(null, Object(Config\Cache), false)
11 FCPATH\index.php(79): CodeIgniter\CodeIgniter->run()
12 SYSTEMPATH\Commands\Server\rewrite.php(47): require_once('C:\\laragon\\www\\prdct\\public\\index.php')
ERROR - 2023-09-22 23:38:47 --> Error connecting to the database: mysqli_sql_exception: No connection could be made because the target machine actively refused it in C:\laragon\www\prdct\system\Database\MySQLi\Connection.php:185
Stack trace:
#0 C:\laragon\www\prdct\system\Database\MySQLi\Connection.php(185): mysqli->real_connect('localhost', 'root', '', 'prod', 3306, '', 0)
#1 C:\laragon\www\prdct\system\Database\BaseConnection.php(391): CodeIgniter\Database\MySQLi\Connection->connect(false)
#2 C:\laragon\www\prdct\system\Database\BaseConnection.php(574): CodeIgniter\Database\BaseConnection->initialize()
#3 C:\laragon\www\prdct\system\Database\BaseBuilder.php(2308): CodeIgniter\Database\BaseConnection->query('INSERT INTO `ta...', Array, false)
#4 C:\laragon\www\prdct\system\Model.php(319): CodeIgniter\Database\BaseBuilder->insert()
#5 C:\laragon\www\prdct\system\BaseModel.php(788): CodeIgniter\Model->doInsert(Array)
#6 C:\laragon\www\prdct\system\Model.php(715): CodeIgniter\BaseModel->insert(Array, false)
#7 C:\laragon\www\prdct\system\BaseModel.php(698): CodeIgniter\Model->insert(Array, false)
#8 C:\laragon\www\prdct\app\Controllers\ProductController.php(27): CodeIgniter\BaseModel->save(Array)
#9 C:\laragon\www\prdct\system\CodeIgniter.php(919): App\Controllers\ProductController->save()
#10 C:\laragon\www\prdct\system\CodeIgniter.php(494): CodeIgniter\CodeIgniter->runController(Object(App\Controllers\ProductController))
#11 C:\laragon\www\prdct\system\CodeIgniter.php(353): CodeIgniter\CodeIgniter->handleRequest(NULL, Object(Config\Cache), false)
#12 C:\laragon\www\prdct\public\index.php(79): CodeIgniter\CodeIgniter->run()
#13 C:\laragon\www\prdct\system\Commands\Server\rewrite.php(47): require_once('C:\\laragon\\www\\...')
#14 {main}

Next CodeIgniter\Database\Exceptions\DatabaseException: No connection could be made because the target machine actively refused it in C:\laragon\www\prdct\system\Database\MySQLi\Connection.php:229
Stack trace:
#0 C:\laragon\www\prdct\system\Database\BaseConnection.php(391): CodeIgniter\Database\MySQLi\Connection->connect(false)
#1 C:\laragon\www\prdct\system\Database\BaseConnection.php(574): CodeIgniter\Database\BaseConnection->initialize()
#2 C:\laragon\www\prdct\system\Database\BaseBuilder.php(2308): CodeIgniter\Database\BaseConnection->query('INSERT INTO `ta...', Array, false)
#3 C:\laragon\www\prdct\system\Model.php(319): CodeIgniter\Database\BaseBuilder->insert()
#4 C:\laragon\www\prdct\system\BaseModel.php(788): CodeIgniter\Model->doInsert(Array)
#5 C:\laragon\www\prdct\system\Model.php(715): CodeIgniter\BaseModel->insert(Array, false)
#6 C:\laragon\www\prdct\system\BaseModel.php(698): CodeIgniter\Model->insert(Array, false)
#7 C:\laragon\www\prdct\app\Controllers\ProductController.php(27): CodeIgniter\BaseModel->save(Array)
#8 C:\laragon\www\prdct\system\CodeIgniter.php(919): App\Controllers\ProductController->save()
#9 C:\laragon\www\prdct\system\CodeIgniter.php(494): CodeIgniter\CodeIgniter->runController(Object(App\Controllers\ProductController))
#10 C:\laragon\www\prdct\system\CodeIgniter.php(353): CodeIgniter\CodeIgniter->handleRequest(NULL, Object(Config\Cache), false)
#11 C:\laragon\www\prdct\public\index.php(79): CodeIgniter\CodeIgniter->run()
#12 C:\laragon\www\prdct\system\Commands\Server\rewrite.php(47): require_once('C:\\laragon\\www\\...')
#13 {main}
CRITICAL - 2023-09-22 23:38:47 --> Unable to connect to the database.
Main connection [MySQLi]: No connection could be made because the target machine actively refused it
in SYSTEMPATH\Database\BaseConnection.php on line 427.
 1 SYSTEMPATH\Database\BaseConnection.php(574): CodeIgniter\Database\BaseConnection->initialize()
 2 SYSTEMPATH\Database\BaseBuilder.php(2308): CodeIgniter\Database\BaseConnection->query('INSERT INTO `table_products` (`ProductName`, `ProductDescription`, `ProductCategory`, `ProductQuantity`, `ProductPrice`) VALUES (:ProductName:, :ProductDescription:, :ProductCategory:, :ProductQuantity:, :ProductPrice:)', [...], false)
 3 SYSTEMPATH\Model.php(319): CodeIgniter\Database\BaseBuilder->insert()
 4 SYSTEMPATH\BaseModel.php(788): CodeIgniter\Model->doInsert([...])
 5 SYSTEMPATH\Model.php(715): CodeIgniter\BaseModel->insert([...], false)
 6 SYSTEMPATH\BaseModel.php(698): CodeIgniter\Model->insert([...], false)
 7 APPPATH\Controllers\ProductController.php(27): CodeIgniter\BaseModel->save([...])
 8 SYSTEMPATH\CodeIgniter.php(919): App\Controllers\ProductController->save()
 9 SYSTEMPATH\CodeIgniter.php(494): CodeIgniter\CodeIgniter->runController(Object(App\Controllers\ProductController))
10 SYSTEMPATH\CodeIgniter.php(353): CodeIgniter\CodeIgniter->handleRequest(null, Object(Config\Cache), false)
11 FCPATH\index.php(79): CodeIgniter\CodeIgniter->run()
12 SYSTEMPATH\Commands\Server\rewrite.php(47): require_once('C:\\laragon\\www\\prdct\\public\\index.php')
ERROR - 2023-09-22 23:39:15 --> Error connecting to the database: mysqli_sql_exception: No connection could be made because the target machine actively refused it in C:\laragon\www\prdct\system\Database\MySQLi\Connection.php:185
Stack trace:
#0 C:\laragon\www\prdct\system\Database\MySQLi\Connection.php(185): mysqli->real_connect('localhost', 'root', '', 'prod', 3306, '', 0)
#1 C:\laragon\www\prdct\system\Database\BaseConnection.php(391): CodeIgniter\Database\MySQLi\Connection->connect(false)
#2 C:\laragon\www\prdct\system\Database\BaseConnection.php(574): CodeIgniter\Database\BaseConnection->initialize()
#3 C:\laragon\www\prdct\system\Database\BaseBuilder.php(1615): CodeIgniter\Database\BaseConnection->query('SELECT *\nFROM `...', Array, false)
#4 C:\laragon\www\prdct\system\Model.php(237): CodeIgniter\Database\BaseBuilder->get()
#5 C:\laragon\www\prdct\system\BaseModel.php(624): CodeIgniter\Model->doFindAll(0, 0)
#6 C:\laragon\www\prdct\app\Controllers\ProductController.php(42): CodeIgniter\BaseModel->findAll()
#7 C:\laragon\www\prdct\system\CodeIgniter.php(919): App\Controllers\ProductController->neil()
#8 C:\laragon\www\prdct\system\CodeIgniter.php(494): CodeIgniter\CodeIgniter->runController(Object(App\Controllers\ProductController))
#9 C:\laragon\www\prdct\system\CodeIgniter.php(353): CodeIgniter\CodeIgniter->handleRequest(NULL, Object(Config\Cache), false)
#10 C:\laragon\www\prdct\public\index.php(79): CodeIgniter\CodeIgniter->run()
#11 C:\laragon\www\prdct\system\Commands\Server\rewrite.php(47): require_once('C:\\laragon\\www\\...')
#12 {main}

Next CodeIgniter\Database\Exceptions\DatabaseException: No connection could be made because the target machine actively refused it in C:\laragon\www\prdct\system\Database\MySQLi\Connection.php:229
Stack trace:
#0 C:\laragon\www\prdct\system\Database\BaseConnection.php(391): CodeIgniter\Database\MySQLi\Connection->connect(false)
#1 C:\laragon\www\prdct\system\Database\BaseConnection.php(574): CodeIgniter\Database\BaseConnection->initialize()
#2 C:\laragon\www\prdct\system\Database\BaseBuilder.php(1615): CodeIgniter\Database\BaseConnection->query('SELECT *\nFROM `...', Array, false)
#3 C:\laragon\www\prdct\system\Model.php(237): CodeIgniter\Database\BaseBuilder->get()
#4 C:\laragon\www\prdct\system\BaseModel.php(624): CodeIgniter\Model->doFindAll(0, 0)
#5 C:\laragon\www\prdct\app\Controllers\ProductController.php(42): CodeIgniter\BaseModel->findAll()
#6 C:\laragon\www\prdct\system\CodeIgniter.php(919): App\Controllers\ProductController->neil()
#7 C:\laragon\www\prdct\system\CodeIgniter.php(494): CodeIgniter\CodeIgniter->runController(Object(App\Controllers\ProductController))
#8 C:\laragon\www\prdct\system\CodeIgniter.php(353): CodeIgniter\CodeIgniter->handleRequest(NULL, Object(Config\Cache), false)
#9 C:\laragon\www\prdct\public\index.php(79): CodeIgniter\CodeIgniter->run()
#10 C:\laragon\www\prdct\system\Commands\Server\rewrite.php(47): require_once('C:\\laragon\\www\\...')
#11 {main}
CRITICAL - 2023-09-22 23:39:15 --> Unable to connect to the database.
Main connection [MySQLi]: No connection could be made because the target machine actively refused it
in SYSTEMPATH\Database\BaseConnection.php on line 427.
 1 SYSTEMPATH\Database\BaseConnection.php(574): CodeIgniter\Database\BaseConnection->initialize()
 2 SYSTEMPATH\Database\BaseBuilder.php(1615): CodeIgniter\Database\BaseConnection->query('SELECT *
FROM `table_products`', [], false)
 3 SYSTEMPATH\Model.php(237): CodeIgniter\Database\BaseBuilder->get()
 4 SYSTEMPATH\BaseModel.php(624): CodeIgniter\Model->doFindAll(0, 0)
 5 APPPATH\Controllers\ProductController.php(42): CodeIgniter\BaseModel->findAll()
 6 SYSTEMPATH\CodeIgniter.php(919): App\Controllers\ProductController->neil()
 7 SYSTEMPATH\CodeIgniter.php(494): CodeIgniter\CodeIgniter->runController(Object(App\Controllers\ProductController))
 8 SYSTEMPATH\CodeIgniter.php(353): CodeIgniter\CodeIgniter->handleRequest(null, Object(Config\Cache), false)
 9 FCPATH\index.php(79): CodeIgniter\CodeIgniter->run()
10 SYSTEMPATH\Commands\Server\rewrite.php(47): require_once('C:\\laragon\\www\\prdct\\public\\index.php')
ERROR - 2023-09-22 23:43:02 --> Error connecting to the database: mysqli_sql_exception: No connection could be made because the target machine actively refused it in C:\laragon\www\prdct\system\Database\MySQLi\Connection.php:185
Stack trace:
#0 C:\laragon\www\prdct\system\Database\MySQLi\Connection.php(185): mysqli->real_connect('localhost', 'root', '', 'prod', 3306, '', 0)
#1 C:\laragon\www\prdct\system\Database\BaseConnection.php(391): CodeIgniter\Database\MySQLi\Connection->connect(false)
#2 C:\laragon\www\prdct\system\Database\BaseConnection.php(574): CodeIgniter\Database\BaseConnection->initialize()
#3 C:\laragon\www\prdct\system\Database\BaseBuilder.php(1615): CodeIgniter\Database\BaseConnection->query('SELECT *\nFROM `...', Array, false)
#4 C:\laragon\www\prdct\system\Model.php(237): CodeIgniter\Database\BaseBuilder->get()
#5 C:\laragon\www\prdct\system\BaseModel.php(624): CodeIgniter\Model->doFindAll(0, 0)
#6 C:\laragon\www\prdct\app\Controllers\ProductController.php(42): CodeIgniter\BaseModel->findAll()
#7 C:\laragon\www\prdct\system\CodeIgniter.php(919): App\Controllers\ProductController->neil()
#8 C:\laragon\www\prdct\system\CodeIgniter.php(494): CodeIgniter\CodeIgniter->runController(Object(App\Controllers\ProductController))
#9 C:\laragon\www\prdct\system\CodeIgniter.php(353): CodeIgniter\CodeIgniter->handleRequest(NULL, Object(Config\Cache), false)
#10 C:\laragon\www\prdct\public\index.php(79): CodeIgniter\CodeIgniter->run()
#11 C:\laragon\www\prdct\system\Commands\Server\rewrite.php(47): require_once('C:\\laragon\\www\\...')
#12 {main}

Next CodeIgniter\Database\Exceptions\DatabaseException: No connection could be made because the target machine actively refused it in C:\laragon\www\prdct\system\Database\MySQLi\Connection.php:229
Stack trace:
#0 C:\laragon\www\prdct\system\Database\BaseConnection.php(391): CodeIgniter\Database\MySQLi\Connection->connect(false)
#1 C:\laragon\www\prdct\system\Database\BaseConnection.php(574): CodeIgniter\Database\BaseConnection->initialize()
#2 C:\laragon\www\prdct\system\Database\BaseBuilder.php(1615): CodeIgniter\Database\BaseConnection->query('SELECT *\nFROM `...', Array, false)
#3 C:\laragon\www\prdct\system\Model.php(237): CodeIgniter\Database\BaseBuilder->get()
#4 C:\laragon\www\prdct\system\BaseModel.php(624): CodeIgniter\Model->doFindAll(0, 0)
#5 C:\laragon\www\prdct\app\Controllers\ProductController.php(42): CodeIgniter\BaseModel->findAll()
#6 C:\laragon\www\prdct\system\CodeIgniter.php(919): App\Controllers\ProductController->neil()
#7 C:\laragon\www\prdct\system\CodeIgniter.php(494): CodeIgniter\CodeIgniter->runController(Object(App\Controllers\ProductController))
#8 C:\laragon\www\prdct\system\CodeIgniter.php(353): CodeIgniter\CodeIgniter->handleRequest(NULL, Object(Config\Cache), false)
#9 C:\laragon\www\prdct\public\index.php(79): CodeIgniter\CodeIgniter->run()
#10 C:\laragon\www\prdct\system\Commands\Server\rewrite.php(47): require_once('C:\\laragon\\www\\...')
#11 {main}
CRITICAL - 2023-09-22 23:43:02 --> Unable to connect to the database.
Main connection [MySQLi]: No connection could be made because the target machine actively refused it
in SYSTEMPATH\Database\BaseConnection.php on line 427.
 1 SYSTEMPATH\Database\BaseConnection.php(574): CodeIgniter\Database\BaseConnection->initialize()
 2 SYSTEMPATH\Database\BaseBuilder.php(1615): CodeIgniter\Database\BaseConnection->query('SELECT *
FROM `table_products`', [], false)
 3 SYSTEMPATH\Model.php(237): CodeIgniter\Database\BaseBuilder->get()
 4 SYSTEMPATH\BaseModel.php(624): CodeIgniter\Model->doFindAll(0, 0)
 5 APPPATH\Controllers\ProductController.php(42): CodeIgniter\BaseModel->findAll()
 6 SYSTEMPATH\CodeIgniter.php(919): App\Controllers\ProductController->neil()
 7 SYSTEMPATH\CodeIgniter.php(494): CodeIgniter\CodeIgniter->runController(Object(App\Controllers\ProductController))
 8 SYSTEMPATH\CodeIgniter.php(353): CodeIgniter\CodeIgniter->handleRequest(null, Object(Config\Cache), false)
 9 FCPATH\index.php(79): CodeIgniter\CodeIgniter->run()
10 SYSTEMPATH\Commands\Server\rewrite.php(47): require_once('C:\\laragon\\www\\prdct\\public\\index.php')
ERROR - 2023-09-22 23:43:06 --> Error connecting to the database: mysqli_sql_exception: No connection could be made because the target machine actively refused it in C:\laragon\www\prdct\system\Database\MySQLi\Connection.php:185
Stack trace:
#0 C:\laragon\www\prdct\system\Database\MySQLi\Connection.php(185): mysqli->real_connect('localhost', 'root', '', 'prod', 3306, '', 0)
#1 C:\laragon\www\prdct\system\Database\BaseConnection.php(391): CodeIgniter\Database\MySQLi\Connection->connect(false)
#2 C:\laragon\www\prdct\system\Database\BaseConnection.php(574): CodeIgniter\Database\BaseConnection->initialize()
#3 C:\laragon\www\prdct\system\Database\BaseBuilder.php(1615): CodeIgniter\Database\BaseConnection->query('SELECT *\nFROM `...', Array, false)
#4 C:\laragon\www\prdct\system\Model.php(237): CodeIgniter\Database\BaseBuilder->get()
#5 C:\laragon\www\prdct\system\BaseModel.php(624): CodeIgniter\Model->doFindAll(0, 0)
#6 C:\laragon\www\prdct\app\Controllers\ProductController.php(42): CodeIgniter\BaseModel->findAll()
#7 C:\laragon\www\prdct\system\CodeIgniter.php(919): App\Controllers\ProductController->neil()
#8 C:\laragon\www\prdct\system\CodeIgniter.php(494): CodeIgniter\CodeIgniter->runController(Object(App\Controllers\ProductController))
#9 C:\laragon\www\prdct\system\CodeIgniter.php(353): CodeIgniter\CodeIgniter->handleRequest(NULL, Object(Config\Cache), false)
#10 C:\laragon\www\prdct\public\index.php(79): CodeIgniter\CodeIgniter->run()
#11 C:\laragon\www\prdct\system\Commands\Server\rewrite.php(47): require_once('C:\\laragon\\www\\...')
#12 {main}

Next CodeIgniter\Database\Exceptions\DatabaseException: No connection could be made because the target machine actively refused it in C:\laragon\www\prdct\system\Database\MySQLi\Connection.php:229
Stack trace:
#0 C:\laragon\www\prdct\system\Database\BaseConnection.php(391): CodeIgniter\Database\MySQLi\Connection->connect(false)
#1 C:\laragon\www\prdct\system\Database\BaseConnection.php(574): CodeIgniter\Database\BaseConnection->initialize()
#2 C:\laragon\www\prdct\system\Database\BaseBuilder.php(1615): CodeIgniter\Database\BaseConnection->query('SELECT *\nFROM `...', Array, false)
#3 C:\laragon\www\prdct\system\Model.php(237): CodeIgniter\Database\BaseBuilder->get()
#4 C:\laragon\www\prdct\system\BaseModel.php(624): CodeIgniter\Model->doFindAll(0, 0)
#5 C:\laragon\www\prdct\app\Controllers\ProductController.php(42): CodeIgniter\BaseModel->findAll()
#6 C:\laragon\www\prdct\system\CodeIgniter.php(919): App\Controllers\ProductController->neil()
#7 C:\laragon\www\prdct\system\CodeIgniter.php(494): CodeIgniter\CodeIgniter->runController(Object(App\Controllers\ProductController))
#8 C:\laragon\www\prdct\system\CodeIgniter.php(353): CodeIgniter\CodeIgniter->handleRequest(NULL, Object(Config\Cache), false)
#9 C:\laragon\www\prdct\public\index.php(79): CodeIgniter\CodeIgniter->run()
#10 C:\laragon\www\prdct\system\Commands\Server\rewrite.php(47): require_once('C:\\laragon\\www\\...')
#11 {main}
CRITICAL - 2023-09-22 23:43:06 --> Unable to connect to the database.
Main connection [MySQLi]: No connection could be made because the target machine actively refused it
in SYSTEMPATH\Database\BaseConnection.php on line 427.
 1 SYSTEMPATH\Database\BaseConnection.php(574): CodeIgniter\Database\BaseConnection->initialize()
 2 SYSTEMPATH\Database\BaseBuilder.php(1615): CodeIgniter\Database\BaseConnection->query('SELECT *
FROM `table_products`', [], false)
 3 SYSTEMPATH\Model.php(237): CodeIgniter\Database\BaseBuilder->get()
 4 SYSTEMPATH\BaseModel.php(624): CodeIgniter\Model->doFindAll(0, 0)
 5 APPPATH\Controllers\ProductController.php(42): CodeIgniter\BaseModel->findAll()
 6 SYSTEMPATH\CodeIgniter.php(919): App\Controllers\ProductController->neil()
 7 SYSTEMPATH\CodeIgniter.php(494): CodeIgniter\CodeIgniter->runController(Object(App\Controllers\ProductController))
 8 SYSTEMPATH\CodeIgniter.php(353): CodeIgniter\CodeIgniter->handleRequest(null, Object(Config\Cache), false)
 9 FCPATH\index.php(79): CodeIgniter\CodeIgniter->run()
10 SYSTEMPATH\Commands\Server\rewrite.php(47): require_once('C:\\laragon\\www\\prdct\\public\\index.php')
ERROR - 2023-09-22 23:43:10 --> Error connecting to the database: mysqli_sql_exception: No connection could be made because the target machine actively refused it in C:\laragon\www\prdct\system\Database\MySQLi\Connection.php:185
Stack trace:
#0 C:\laragon\www\prdct\system\Database\MySQLi\Connection.php(185): mysqli->real_connect('localhost', 'root', '', 'prod', 3306, '', 0)
#1 C:\laragon\www\prdct\system\Database\BaseConnection.php(391): CodeIgniter\Database\MySQLi\Connection->connect(false)
#2 C:\laragon\www\prdct\system\Database\BaseConnection.php(574): CodeIgniter\Database\BaseConnection->initialize()
#3 C:\laragon\www\prdct\system\Database\BaseBuilder.php(1615): CodeIgniter\Database\BaseConnection->query('SELECT *\nFROM `...', Array, false)
#4 C:\laragon\www\prdct\system\Model.php(237): CodeIgniter\Database\BaseBuilder->get()
#5 C:\laragon\www\prdct\system\BaseModel.php(624): CodeIgniter\Model->doFindAll(0, 0)
#6 C:\laragon\www\prdct\app\Controllers\ProductController.php(42): CodeIgniter\BaseModel->findAll()
#7 C:\laragon\www\prdct\system\CodeIgniter.php(919): App\Controllers\ProductController->neil()
#8 C:\laragon\www\prdct\system\CodeIgniter.php(494): CodeIgniter\CodeIgniter->runController(Object(App\Controllers\ProductController))
#9 C:\laragon\www\prdct\system\CodeIgniter.php(353): CodeIgniter\CodeIgniter->handleRequest(NULL, Object(Config\Cache), false)
#10 C:\laragon\www\prdct\public\index.php(79): CodeIgniter\CodeIgniter->run()
#11 C:\laragon\www\prdct\system\Commands\Server\rewrite.php(47): require_once('C:\\laragon\\www\\...')
#12 {main}

Next CodeIgniter\Database\Exceptions\DatabaseException: No connection could be made because the target machine actively refused it in C:\laragon\www\prdct\system\Database\MySQLi\Connection.php:229
Stack trace:
#0 C:\laragon\www\prdct\system\Database\BaseConnection.php(391): CodeIgniter\Database\MySQLi\Connection->connect(false)
#1 C:\laragon\www\prdct\system\Database\BaseConnection.php(574): CodeIgniter\Database\BaseConnection->initialize()
#2 C:\laragon\www\prdct\system\Database\BaseBuilder.php(1615): CodeIgniter\Database\BaseConnection->query('SELECT *\nFROM `...', Array, false)
#3 C:\laragon\www\prdct\system\Model.php(237): CodeIgniter\Database\BaseBuilder->get()
#4 C:\laragon\www\prdct\system\BaseModel.php(624): CodeIgniter\Model->doFindAll(0, 0)
#5 C:\laragon\www\prdct\app\Controllers\ProductController.php(42): CodeIgniter\BaseModel->findAll()
#6 C:\laragon\www\prdct\system\CodeIgniter.php(919): App\Controllers\ProductController->neil()
#7 C:\laragon\www\prdct\system\CodeIgniter.php(494): CodeIgniter\CodeIgniter->runController(Object(App\Controllers\ProductController))
#8 C:\laragon\www\prdct\system\CodeIgniter.php(353): CodeIgniter\CodeIgniter->handleRequest(NULL, Object(Config\Cache), false)
#9 C:\laragon\www\prdct\public\index.php(79): CodeIgniter\CodeIgniter->run()
#10 C:\laragon\www\prdct\system\Commands\Server\rewrite.php(47): require_once('C:\\laragon\\www\\...')
#11 {main}
CRITICAL - 2023-09-22 23:43:10 --> Unable to connect to the database.
Main connection [MySQLi]: No connection could be made because the target machine actively refused it
in SYSTEMPATH\Database\BaseConnection.php on line 427.
 1 SYSTEMPATH\Database\BaseConnection.php(574): CodeIgniter\Database\BaseConnection->initialize()
 2 SYSTEMPATH\Database\BaseBuilder.php(1615): CodeIgniter\Database\BaseConnection->query('SELECT *
FROM `table_products`', [], false)
 3 SYSTEMPATH\Model.php(237): CodeIgniter\Database\BaseBuilder->get()
 4 SYSTEMPATH\BaseModel.php(624): CodeIgniter\Model->doFindAll(0, 0)
 5 APPPATH\Controllers\ProductController.php(42): CodeIgniter\BaseModel->findAll()
 6 SYSTEMPATH\CodeIgniter.php(919): App\Controllers\ProductController->neil()
 7 SYSTEMPATH\CodeIgniter.php(494): CodeIgniter\CodeIgniter->runController(Object(App\Controllers\ProductController))
 8 SYSTEMPATH\CodeIgniter.php(353): CodeIgniter\CodeIgniter->handleRequest(null, Object(Config\Cache), false)
 9 FCPATH\index.php(79): CodeIgniter\CodeIgniter->run()
10 SYSTEMPATH\Commands\Server\rewrite.php(47): require_once('C:\\laragon\\www\\prdct\\public\\index.php')
ERROR - 2023-09-22 23:43:14 --> Error connecting to the database: mysqli_sql_exception: No connection could be made because the target machine actively refused it in C:\laragon\www\prdct\system\Database\MySQLi\Connection.php:185
Stack trace:
#0 C:\laragon\www\prdct\system\Database\MySQLi\Connection.php(185): mysqli->real_connect('localhost', 'root', '', 'prod', 3306, '', 0)
#1 C:\laragon\www\prdct\system\Database\BaseConnection.php(391): CodeIgniter\Database\MySQLi\Connection->connect(false)
#2 C:\laragon\www\prdct\system\Database\BaseConnection.php(574): CodeIgniter\Database\BaseConnection->initialize()
#3 C:\laragon\www\prdct\system\Database\BaseBuilder.php(1615): CodeIgniter\Database\BaseConnection->query('SELECT *\nFROM `...', Array, false)
#4 C:\laragon\www\prdct\system\Model.php(237): CodeIgniter\Database\BaseBuilder->get()
#5 C:\laragon\www\prdct\system\BaseModel.php(624): CodeIgniter\Model->doFindAll(0, 0)
#6 C:\laragon\www\prdct\app\Controllers\ProductController.php(42): CodeIgniter\BaseModel->findAll()
#7 C:\laragon\www\prdct\system\CodeIgniter.php(919): App\Controllers\ProductController->neil()
#8 C:\laragon\www\prdct\system\CodeIgniter.php(494): CodeIgniter\CodeIgniter->runController(Object(App\Controllers\ProductController))
#9 C:\laragon\www\prdct\system\CodeIgniter.php(353): CodeIgniter\CodeIgniter->handleRequest(NULL, Object(Config\Cache), false)
#10 C:\laragon\www\prdct\public\index.php(79): CodeIgniter\CodeIgniter->run()
#11 C:\laragon\www\prdct\system\Commands\Server\rewrite.php(47): require_once('C:\\laragon\\www\\...')
#12 {main}

Next CodeIgniter\Database\Exceptions\DatabaseException: No connection could be made because the target machine actively refused it in C:\laragon\www\prdct\system\Database\MySQLi\Connection.php:229
Stack trace:
#0 C:\laragon\www\prdct\system\Database\BaseConnection.php(391): CodeIgniter\Database\MySQLi\Connection->connect(false)
#1 C:\laragon\www\prdct\system\Database\BaseConnection.php(574): CodeIgniter\Database\BaseConnection->initialize()
#2 C:\laragon\www\prdct\system\Database\BaseBuilder.php(1615): CodeIgniter\Database\BaseConnection->query('SELECT *\nFROM `...', Array, false)
#3 C:\laragon\www\prdct\system\Model.php(237): CodeIgniter\Database\BaseBuilder->get()
#4 C:\laragon\www\prdct\system\BaseModel.php(624): CodeIgniter\Model->doFindAll(0, 0)
#5 C:\laragon\www\prdct\app\Controllers\ProductController.php(42): CodeIgniter\BaseModel->findAll()
#6 C:\laragon\www\prdct\system\CodeIgniter.php(919): App\Controllers\ProductController->neil()
#7 C:\laragon\www\prdct\system\CodeIgniter.php(494): CodeIgniter\CodeIgniter->runController(Object(App\Controllers\ProductController))
#8 C:\laragon\www\prdct\system\CodeIgniter.php(353): CodeIgniter\CodeIgniter->handleRequest(NULL, Object(Config\Cache), false)
#9 C:\laragon\www\prdct\public\index.php(79): CodeIgniter\CodeIgniter->run()
#10 C:\laragon\www\prdct\system\Commands\Server\rewrite.php(47): require_once('C:\\laragon\\www\\...')
#11 {main}
CRITICAL - 2023-09-22 23:43:14 --> Unable to connect to the database.
Main connection [MySQLi]: No connection could be made because the target machine actively refused it
in SYSTEMPATH\Database\BaseConnection.php on line 427.
 1 SYSTEMPATH\Database\BaseConnection.php(574): CodeIgniter\Database\BaseConnection->initialize()
 2 SYSTEMPATH\Database\BaseBuilder.php(1615): CodeIgniter\Database\BaseConnection->query('SELECT *
FROM `table_products`', [], false)
 3 SYSTEMPATH\Model.php(237): CodeIgniter\Database\BaseBuilder->get()
 4 SYSTEMPATH\BaseModel.php(624): CodeIgniter\Model->doFindAll(0, 0)
 5 APPPATH\Controllers\ProductController.php(42): CodeIgniter\BaseModel->findAll()
 6 SYSTEMPATH\CodeIgniter.php(919): App\Controllers\ProductController->neil()
 7 SYSTEMPATH\CodeIgniter.php(494): CodeIgniter\CodeIgniter->runController(Object(App\Controllers\ProductController))
 8 SYSTEMPATH\CodeIgniter.php(353): CodeIgniter\CodeIgniter->handleRequest(null, Object(Config\Cache), false)
 9 FCPATH\index.php(79): CodeIgniter\CodeIgniter->run()
10 SYSTEMPATH\Commands\Server\rewrite.php(47): require_once('C:\\laragon\\www\\prdct\\public\\index.php')
ERROR - 2023-09-22 23:43:22 --> Error connecting to the database: mysqli_sql_exception: No connection could be made because the target machine actively refused it in C:\laragon\www\prdct\system\Database\MySQLi\Connection.php:185
Stack trace:
#0 C:\laragon\www\prdct\system\Database\MySQLi\Connection.php(185): mysqli->real_connect('localhost', 'root', '', 'prod', 3306, '', 0)
#1 C:\laragon\www\prdct\system\Database\BaseConnection.php(391): CodeIgniter\Database\MySQLi\Connection->connect(false)
#2 C:\laragon\www\prdct\system\Database\BaseConnection.php(574): CodeIgniter\Database\BaseConnection->initialize()
#3 C:\laragon\www\prdct\system\Database\BaseBuilder.php(2308): CodeIgniter\Database\BaseConnection->query('INSERT INTO `ta...', Array, false)
#4 C:\laragon\www\prdct\system\Model.php(319): CodeIgniter\Database\BaseBuilder->insert()
#5 C:\laragon\www\prdct\system\BaseModel.php(788): CodeIgniter\Model->doInsert(Array)
#6 C:\laragon\www\prdct\system\Model.php(715): CodeIgniter\BaseModel->insert(Array, false)
#7 C:\laragon\www\prdct\system\BaseModel.php(698): CodeIgniter\Model->insert(Array, false)
#8 C:\laragon\www\prdct\app\Controllers\ProductController.php(27): CodeIgniter\BaseModel->save(Array)
#9 C:\laragon\www\prdct\system\CodeIgniter.php(919): App\Controllers\ProductController->save()
#10 C:\laragon\www\prdct\system\CodeIgniter.php(494): CodeIgniter\CodeIgniter->runController(Object(App\Controllers\ProductController))
#11 C:\laragon\www\prdct\system\CodeIgniter.php(353): CodeIgniter\CodeIgniter->handleRequest(NULL, Object(Config\Cache), false)
#12 C:\laragon\www\prdct\public\index.php(79): CodeIgniter\CodeIgniter->run()
#13 C:\laragon\www\prdct\system\Commands\Server\rewrite.php(47): require_once('C:\\laragon\\www\\...')
#14 {main}

Next CodeIgniter\Database\Exceptions\DatabaseException: No connection could be made because the target machine actively refused it in C:\laragon\www\prdct\system\Database\MySQLi\Connection.php:229
Stack trace:
#0 C:\laragon\www\prdct\system\Database\BaseConnection.php(391): CodeIgniter\Database\MySQLi\Connection->connect(false)
#1 C:\laragon\www\prdct\system\Database\BaseConnection.php(574): CodeIgniter\Database\BaseConnection->initialize()
#2 C:\laragon\www\prdct\system\Database\BaseBuilder.php(2308): CodeIgniter\Database\BaseConnection->query('INSERT INTO `ta...', Array, false)
#3 C:\laragon\www\prdct\system\Model.php(319): CodeIgniter\Database\BaseBuilder->insert()
#4 C:\laragon\www\prdct\system\BaseModel.php(788): CodeIgniter\Model->doInsert(Array)
#5 C:\laragon\www\prdct\system\Model.php(715): CodeIgniter\BaseModel->insert(Array, false)
#6 C:\laragon\www\prdct\system\BaseModel.php(698): CodeIgniter\Model->insert(Array, false)
#7 C:\laragon\www\prdct\app\Controllers\ProductController.php(27): CodeIgniter\BaseModel->save(Array)
#8 C:\laragon\www\prdct\system\CodeIgniter.php(919): App\Controllers\ProductController->save()
#9 C:\laragon\www\prdct\system\CodeIgniter.php(494): CodeIgniter\CodeIgniter->runController(Object(App\Controllers\ProductController))
#10 C:\laragon\www\prdct\system\CodeIgniter.php(353): CodeIgniter\CodeIgniter->handleRequest(NULL, Object(Config\Cache), false)
#11 C:\laragon\www\prdct\public\index.php(79): CodeIgniter\CodeIgniter->run()
#12 C:\laragon\www\prdct\system\Commands\Server\rewrite.php(47): require_once('C:\\laragon\\www\\...')
#13 {main}
CRITICAL - 2023-09-22 23:43:22 --> Unable to connect to the database.
Main connection [MySQLi]: No connection could be made because the target machine actively refused it
in SYSTEMPATH\Database\BaseConnection.php on line 427.
 1 SYSTEMPATH\Database\BaseConnection.php(574): CodeIgniter\Database\BaseConnection->initialize()
 2 SYSTEMPATH\Database\BaseBuilder.php(2308): CodeIgniter\Database\BaseConnection->query('INSERT INTO `table_products` (`ProductName`, `ProductDescription`, `ProductCategory`, `ProductQuantity`, `ProductPrice`) VALUES (:ProductName:, :ProductDescription:, :ProductCategory:, :ProductQuantity:, :ProductPrice:)', [...], false)
 3 SYSTEMPATH\Model.php(319): CodeIgniter\Database\BaseBuilder->insert()
 4 SYSTEMPATH\BaseModel.php(788): CodeIgniter\Model->doInsert([...])
 5 SYSTEMPATH\Model.php(715): CodeIgniter\BaseModel->insert([...], false)
 6 SYSTEMPATH\BaseModel.php(698): CodeIgniter\Model->insert([...], false)
 7 APPPATH\Controllers\ProductController.php(27): CodeIgniter\BaseModel->save([...])
 8 SYSTEMPATH\CodeIgniter.php(919): App\Controllers\ProductController->save()
 9 SYSTEMPATH\CodeIgniter.php(494): CodeIgniter\CodeIgniter->runController(Object(App\Controllers\ProductController))
10 SYSTEMPATH\CodeIgniter.php(353): CodeIgniter\CodeIgniter->handleRequest(null, Object(Config\Cache), false)
11 FCPATH\index.php(79): CodeIgniter\CodeIgniter->run()
12 SYSTEMPATH\Commands\Server\rewrite.php(47): require_once('C:\\laragon\\www\\prdct\\public\\index.php')
ERROR - 2023-09-22 23:44:31 --> Error connecting to the database: mysqli_sql_exception: No connection could be made because the target machine actively refused it in C:\laragon\www\prdct\system\Database\MySQLi\Connection.php:185
Stack trace:
#0 C:\laragon\www\prdct\system\Database\MySQLi\Connection.php(185): mysqli->real_connect('localhost', 'root', '', 'prod', 3306, '', 0)
#1 C:\laragon\www\prdct\system\Database\BaseConnection.php(391): CodeIgniter\Database\MySQLi\Connection->connect(false)
#2 C:\laragon\www\prdct\system\Database\BaseConnection.php(574): CodeIgniter\Database\BaseConnection->initialize()
#3 C:\laragon\www\prdct\system\Database\BaseBuilder.php(2308): CodeIgniter\Database\BaseConnection->query('INSERT INTO `ta...', Array, false)
#4 C:\laragon\www\prdct\system\Model.php(319): CodeIgniter\Database\BaseBuilder->insert()
#5 C:\laragon\www\prdct\system\BaseModel.php(788): CodeIgniter\Model->doInsert(Array)
#6 C:\laragon\www\prdct\system\Model.php(715): CodeIgniter\BaseModel->insert(Array, false)
#7 C:\laragon\www\prdct\system\BaseModel.php(698): CodeIgniter\Model->insert(Array, false)
#8 C:\laragon\www\prdct\app\Controllers\ProductController.php(27): CodeIgniter\BaseModel->save(Array)
#9 C:\laragon\www\prdct\system\CodeIgniter.php(919): App\Controllers\ProductController->save()
#10 C:\laragon\www\prdct\system\CodeIgniter.php(494): CodeIgniter\CodeIgniter->runController(Object(App\Controllers\ProductController))
#11 C:\laragon\www\prdct\system\CodeIgniter.php(353): CodeIgniter\CodeIgniter->handleRequest(NULL, Object(Config\Cache), false)
#12 C:\laragon\www\prdct\public\index.php(79): CodeIgniter\CodeIgniter->run()
#13 C:\laragon\www\prdct\system\Commands\Server\rewrite.php(47): require_once('C:\\laragon\\www\\...')
#14 {main}

Next CodeIgniter\Database\Exceptions\DatabaseException: No connection could be made because the target machine actively refused it in C:\laragon\www\prdct\system\Database\MySQLi\Connection.php:229
Stack trace:
#0 C:\laragon\www\prdct\system\Database\BaseConnection.php(391): CodeIgniter\Database\MySQLi\Connection->connect(false)
#1 C:\laragon\www\prdct\system\Database\BaseConnection.php(574): CodeIgniter\Database\BaseConnection->initialize()
#2 C:\laragon\www\prdct\system\Database\BaseBuilder.php(2308): CodeIgniter\Database\BaseConnection->query('INSERT INTO `ta...', Array, false)
#3 C:\laragon\www\prdct\system\Model.php(319): CodeIgniter\Database\BaseBuilder->insert()
#4 C:\laragon\www\prdct\system\BaseModel.php(788): CodeIgniter\Model->doInsert(Array)
#5 C:\laragon\www\prdct\system\Model.php(715): CodeIgniter\BaseModel->insert(Array, false)
#6 C:\laragon\www\prdct\system\BaseModel.php(698): CodeIgniter\Model->insert(Array, false)
#7 C:\laragon\www\prdct\app\Controllers\ProductController.php(27): CodeIgniter\BaseModel->save(Array)
#8 C:\laragon\www\prdct\system\CodeIgniter.php(919): App\Controllers\ProductController->save()
#9 C:\laragon\www\prdct\system\CodeIgniter.php(494): CodeIgniter\CodeIgniter->runController(Object(App\Controllers\ProductController))
#10 C:\laragon\www\prdct\system\CodeIgniter.php(353): CodeIgniter\CodeIgniter->handleRequest(NULL, Object(Config\Cache), false)
#11 C:\laragon\www\prdct\public\index.php(79): CodeIgniter\CodeIgniter->run()
#12 C:\laragon\www\prdct\system\Commands\Server\rewrite.php(47): require_once('C:\\laragon\\www\\...')
#13 {main}
CRITICAL - 2023-09-22 23:44:31 --> Unable to connect to the database.
Main connection [MySQLi]: No connection could be made because the target machine actively refused it
in SYSTEMPATH\Database\BaseConnection.php on line 427.
 1 SYSTEMPATH\Database\BaseConnection.php(574): CodeIgniter\Database\BaseConnection->initialize()
 2 SYSTEMPATH\Database\BaseBuilder.php(2308): CodeIgniter\Database\BaseConnection->query('INSERT INTO `table_products` (`ProductName`, `ProductDescription`, `ProductCategory`, `ProductQuantity`, `ProductPrice`) VALUES (:ProductName:, :ProductDescription:, :ProductCategory:, :ProductQuantity:, :ProductPrice:)', [...], false)
 3 SYSTEMPATH\Model.php(319): CodeIgniter\Database\BaseBuilder->insert()
 4 SYSTEMPATH\BaseModel.php(788): CodeIgniter\Model->doInsert([...])
 5 SYSTEMPATH\Model.php(715): CodeIgniter\BaseModel->insert([...], false)
 6 SYSTEMPATH\BaseModel.php(698): CodeIgniter\Model->insert([...], false)
 7 APPPATH\Controllers\ProductController.php(27): CodeIgniter\BaseModel->save([...])
 8 SYSTEMPATH\CodeIgniter.php(919): App\Controllers\ProductController->save()
 9 SYSTEMPATH\CodeIgniter.php(494): CodeIgniter\CodeIgniter->runController(Object(App\Controllers\ProductController))
10 SYSTEMPATH\CodeIgniter.php(353): CodeIgniter\CodeIgniter->handleRequest(null, Object(Config\Cache), false)
11 FCPATH\index.php(79): CodeIgniter\CodeIgniter->run()
12 SYSTEMPATH\Commands\Server\rewrite.php(47): require_once('C:\\laragon\\www\\prdct\\public\\index.php')
ERROR - 2023-09-22 23:45:30 --> Error connecting to the database: mysqli_sql_exception: No connection could be made because the target machine actively refused it in C:\laragon\www\prdct\system\Database\MySQLi\Connection.php:185
Stack trace:
#0 C:\laragon\www\prdct\system\Database\MySQLi\Connection.php(185): mysqli->real_connect('localhost', 'root', '', 'prod', 3306, '', 0)
#1 C:\laragon\www\prdct\system\Database\BaseConnection.php(391): CodeIgniter\Database\MySQLi\Connection->connect(false)
#2 C:\laragon\www\prdct\system\Database\BaseConnection.php(574): CodeIgniter\Database\BaseConnection->initialize()
#3 C:\laragon\www\prdct\system\Database\BaseBuilder.php(2308): CodeIgniter\Database\BaseConnection->query('INSERT INTO `ta...', Array, false)
#4 C:\laragon\www\prdct\system\Model.php(319): CodeIgniter\Database\BaseBuilder->insert()
#5 C:\laragon\www\prdct\system\BaseModel.php(788): CodeIgniter\Model->doInsert(Array)
#6 C:\laragon\www\prdct\system\Model.php(715): CodeIgniter\BaseModel->insert(Array, false)
#7 C:\laragon\www\prdct\system\BaseModel.php(698): CodeIgniter\Model->insert(Array, false)
#8 C:\laragon\www\prdct\app\Controllers\ProductController.php(27): CodeIgniter\BaseModel->save(Array)
#9 C:\laragon\www\prdct\system\CodeIgniter.php(919): App\Controllers\ProductController->save()
#10 C:\laragon\www\prdct\system\CodeIgniter.php(494): CodeIgniter\CodeIgniter->runController(Object(App\Controllers\ProductController))
#11 C:\laragon\www\prdct\system\CodeIgniter.php(353): CodeIgniter\CodeIgniter->handleRequest(NULL, Object(Config\Cache), false)
#12 C:\laragon\www\prdct\public\index.php(79): CodeIgniter\CodeIgniter->run()
#13 C:\laragon\www\prdct\system\Commands\Server\rewrite.php(47): require_once('C:\\laragon\\www\\...')
#14 {main}

Next CodeIgniter\Database\Exceptions\DatabaseException: No connection could be made because the target machine actively refused it in C:\laragon\www\prdct\system\Database\MySQLi\Connection.php:229
Stack trace:
#0 C:\laragon\www\prdct\system\Database\BaseConnection.php(391): CodeIgniter\Database\MySQLi\Connection->connect(false)
#1 C:\laragon\www\prdct\system\Database\BaseConnection.php(574): CodeIgniter\Database\BaseConnection->initialize()
#2 C:\laragon\www\prdct\system\Database\BaseBuilder.php(2308): CodeIgniter\Database\BaseConnection->query('INSERT INTO `ta...', Array, false)
#3 C:\laragon\www\prdct\system\Model.php(319): CodeIgniter\Database\BaseBuilder->insert()
#4 C:\laragon\www\prdct\system\BaseModel.php(788): CodeIgniter\Model->doInsert(Array)
#5 C:\laragon\www\prdct\system\Model.php(715): CodeIgniter\BaseModel->insert(Array, false)
#6 C:\laragon\www\prdct\system\BaseModel.php(698): CodeIgniter\Model->insert(Array, false)
#7 C:\laragon\www\prdct\app\Controllers\ProductController.php(27): CodeIgniter\BaseModel->save(Array)
#8 C:\laragon\www\prdct\system\CodeIgniter.php(919): App\Controllers\ProductController->save()
#9 C:\laragon\www\prdct\system\CodeIgniter.php(494): CodeIgniter\CodeIgniter->runController(Object(App\Controllers\ProductController))
#10 C:\laragon\www\prdct\system\CodeIgniter.php(353): CodeIgniter\CodeIgniter->handleRequest(NULL, Object(Config\Cache), false)
#11 C:\laragon\www\prdct\public\index.php(79): CodeIgniter\CodeIgniter->run()
#12 C:\laragon\www\prdct\system\Commands\Server\rewrite.php(47): require_once('C:\\laragon\\www\\...')
#13 {main}
CRITICAL - 2023-09-22 23:45:30 --> Unable to connect to the database.
Main connection [MySQLi]: No connection could be made because the target machine actively refused it
in SYSTEMPATH\Database\BaseConnection.php on line 427.
 1 SYSTEMPATH\Database\BaseConnection.php(574): CodeIgniter\Database\BaseConnection->initialize()
 2 SYSTEMPATH\Database\BaseBuilder.php(2308): CodeIgniter\Database\BaseConnection->query('INSERT INTO `table_products` (`ProductName`, `ProductDescription`, `ProductCategory`, `ProductQuantity`, `ProductPrice`) VALUES (:ProductName:, :ProductDescription:, :ProductCategory:, :ProductQuantity:, :ProductPrice:)', [...], false)
 3 SYSTEMPATH\Model.php(319): CodeIgniter\Database\BaseBuilder->insert()
 4 SYSTEMPATH\BaseModel.php(788): CodeIgniter\Model->doInsert([...])
 5 SYSTEMPATH\Model.php(715): CodeIgniter\BaseModel->insert([...], false)
 6 SYSTEMPATH\BaseModel.php(698): CodeIgniter\Model->insert([...], false)
 7 APPPATH\Controllers\ProductController.php(27): CodeIgniter\BaseModel->save([...])
 8 SYSTEMPATH\CodeIgniter.php(919): App\Controllers\ProductController->save()
 9 SYSTEMPATH\CodeIgniter.php(494): CodeIgniter\CodeIgniter->runController(Object(App\Controllers\ProductController))
10 SYSTEMPATH\CodeIgniter.php(353): CodeIgniter\CodeIgniter->handleRequest(null, Object(Config\Cache), false)
11 FCPATH\index.php(79): CodeIgniter\CodeIgniter->run()
12 SYSTEMPATH\Commands\Server\rewrite.php(47): require_once('C:\\laragon\\www\\prdct\\public\\index.php')
ERROR - 2023-09-22 23:47:30 --> Error connecting to the database: mysqli_sql_exception: No connection could be made because the target machine actively refused it in C:\laragon\www\prdct\system\Database\MySQLi\Connection.php:185
Stack trace:
#0 C:\laragon\www\prdct\system\Database\MySQLi\Connection.php(185): mysqli->real_connect('localhost', 'root', '', 'prod', 3306, '', 0)
#1 C:\laragon\www\prdct\system\Database\BaseConnection.php(391): CodeIgniter\Database\MySQLi\Connection->connect(false)
#2 C:\laragon\www\prdct\system\Database\BaseConnection.php(574): CodeIgniter\Database\BaseConnection->initialize()
#3 C:\laragon\www\prdct\system\Database\BaseBuilder.php(1615): CodeIgniter\Database\BaseConnection->query('SELECT *\nFROM `...', Array, false)
#4 C:\laragon\www\prdct\system\Model.php(237): CodeIgniter\Database\BaseBuilder->get()
#5 C:\laragon\www\prdct\system\BaseModel.php(624): CodeIgniter\Model->doFindAll(0, 0)
#6 C:\laragon\www\prdct\app\Controllers\ProductController.php(42): CodeIgniter\BaseModel->findAll()
#7 C:\laragon\www\prdct\system\CodeIgniter.php(919): App\Controllers\ProductController->neil()
#8 C:\laragon\www\prdct\system\CodeIgniter.php(494): CodeIgniter\CodeIgniter->runController(Object(App\Controllers\ProductController))
#9 C:\laragon\www\prdct\system\CodeIgniter.php(353): CodeIgniter\CodeIgniter->handleRequest(NULL, Object(Config\Cache), false)
#10 C:\laragon\www\prdct\public\index.php(79): CodeIgniter\CodeIgniter->run()
#11 C:\laragon\www\prdct\system\Commands\Server\rewrite.php(47): require_once('C:\\laragon\\www\\...')
#12 {main}

Next CodeIgniter\Database\Exceptions\DatabaseException: No connection could be made because the target machine actively refused it in C:\laragon\www\prdct\system\Database\MySQLi\Connection.php:229
Stack trace:
#0 C:\laragon\www\prdct\system\Database\BaseConnection.php(391): CodeIgniter\Database\MySQLi\Connection->connect(false)
#1 C:\laragon\www\prdct\system\Database\BaseConnection.php(574): CodeIgniter\Database\BaseConnection->initialize()
#2 C:\laragon\www\prdct\system\Database\BaseBuilder.php(1615): CodeIgniter\Database\BaseConnection->query('SELECT *\nFROM `...', Array, false)
#3 C:\laragon\www\prdct\system\Model.php(237): CodeIgniter\Database\BaseBuilder->get()
#4 C:\laragon\www\prdct\system\BaseModel.php(624): CodeIgniter\Model->doFindAll(0, 0)
#5 C:\laragon\www\prdct\app\Controllers\ProductController.php(42): CodeIgniter\BaseModel->findAll()
#6 C:\laragon\www\prdct\system\CodeIgniter.php(919): App\Controllers\ProductController->neil()
#7 C:\laragon\www\prdct\system\CodeIgniter.php(494): CodeIgniter\CodeIgniter->runController(Object(App\Controllers\ProductController))
#8 C:\laragon\www\prdct\system\CodeIgniter.php(353): CodeIgniter\CodeIgniter->handleRequest(NULL, Object(Config\Cache), false)
#9 C:\laragon\www\prdct\public\index.php(79): CodeIgniter\CodeIgniter->run()
#10 C:\laragon\www\prdct\system\Commands\Server\rewrite.php(47): require_once('C:\\laragon\\www\\...')
#11 {main}
CRITICAL - 2023-09-22 23:47:30 --> Unable to connect to the database.
Main connection [MySQLi]: No connection could be made because the target machine actively refused it
in SYSTEMPATH\Database\BaseConnection.php on line 427.
 1 SYSTEMPATH\Database\BaseConnection.php(574): CodeIgniter\Database\BaseConnection->initialize()
 2 SYSTEMPATH\Database\BaseBuilder.php(1615): CodeIgniter\Database\BaseConnection->query('SELECT *
FROM `table_products`', [], false)
 3 SYSTEMPATH\Model.php(237): CodeIgniter\Database\BaseBuilder->get()
 4 SYSTEMPATH\BaseModel.php(624): CodeIgniter\Model->doFindAll(0, 0)
 5 APPPATH\Controllers\ProductController.php(42): CodeIgniter\BaseModel->findAll()
 6 SYSTEMPATH\CodeIgniter.php(919): App\Controllers\ProductController->neil()
 7 SYSTEMPATH\CodeIgniter.php(494): CodeIgniter\CodeIgniter->runController(Object(App\Controllers\ProductController))
 8 SYSTEMPATH\CodeIgniter.php(353): CodeIgniter\CodeIgniter->handleRequest(null, Object(Config\Cache), false)
 9 FCPATH\index.php(79): CodeIgniter\CodeIgniter->run()
10 SYSTEMPATH\Commands\Server\rewrite.php(47): require_once('C:\\laragon\\www\\prdct\\public\\index.php')
ERROR - 2023-09-22 23:47:34 --> Error connecting to the database: mysqli_sql_exception: No connection could be made because the target machine actively refused it in C:\laragon\www\prdct\system\Database\MySQLi\Connection.php:185
Stack trace:
#0 C:\laragon\www\prdct\system\Database\MySQLi\Connection.php(185): mysqli->real_connect('localhost', 'root', '', 'prod', 3306, '', 0)
#1 C:\laragon\www\prdct\system\Database\BaseConnection.php(391): CodeIgniter\Database\MySQLi\Connection->connect(false)
#2 C:\laragon\www\prdct\system\Database\BaseConnection.php(574): CodeIgniter\Database\BaseConnection->initialize()
#3 C:\laragon\www\prdct\system\Database\BaseBuilder.php(1615): CodeIgniter\Database\BaseConnection->query('SELECT *\nFROM `...', Array, false)
#4 C:\laragon\www\prdct\system\Model.php(237): CodeIgniter\Database\BaseBuilder->get()
#5 C:\laragon\www\prdct\system\BaseModel.php(624): CodeIgniter\Model->doFindAll(0, 0)
#6 C:\laragon\www\prdct\app\Controllers\ProductController.php(42): CodeIgniter\BaseModel->findAll()
#7 C:\laragon\www\prdct\system\CodeIgniter.php(919): App\Controllers\ProductController->neil()
#8 C:\laragon\www\prdct\system\CodeIgniter.php(494): CodeIgniter\CodeIgniter->runController(Object(App\Controllers\ProductController))
#9 C:\laragon\www\prdct\system\CodeIgniter.php(353): CodeIgniter\CodeIgniter->handleRequest(NULL, Object(Config\Cache), false)
#10 C:\laragon\www\prdct\public\index.php(79): CodeIgniter\CodeIgniter->run()
#11 C:\laragon\www\prdct\system\Commands\Server\rewrite.php(47): require_once('C:\\laragon\\www\\...')
#12 {main}

Next CodeIgniter\Database\Exceptions\DatabaseException: No connection could be made because the target machine actively refused it in C:\laragon\www\prdct\system\Database\MySQLi\Connection.php:229
Stack trace:
#0 C:\laragon\www\prdct\system\Database\BaseConnection.php(391): CodeIgniter\Database\MySQLi\Connection->connect(false)
#1 C:\laragon\www\prdct\system\Database\BaseConnection.php(574): CodeIgniter\Database\BaseConnection->initialize()
#2 C:\laragon\www\prdct\system\Database\BaseBuilder.php(1615): CodeIgniter\Database\BaseConnection->query('SELECT *\nFROM `...', Array, false)
#3 C:\laragon\www\prdct\system\Model.php(237): CodeIgniter\Database\BaseBuilder->get()
#4 C:\laragon\www\prdct\system\BaseModel.php(624): CodeIgniter\Model->doFindAll(0, 0)
#5 C:\laragon\www\prdct\app\Controllers\ProductController.php(42): CodeIgniter\BaseModel->findAll()
#6 C:\laragon\www\prdct\system\CodeIgniter.php(919): App\Controllers\ProductController->neil()
#7 C:\laragon\www\prdct\system\CodeIgniter.php(494): CodeIgniter\CodeIgniter->runController(Object(App\Controllers\ProductController))
#8 C:\laragon\www\prdct\system\CodeIgniter.php(353): CodeIgniter\CodeIgniter->handleRequest(NULL, Object(Config\Cache), false)
#9 C:\laragon\www\prdct\public\index.php(79): CodeIgniter\CodeIgniter->run()
#10 C:\laragon\www\prdct\system\Commands\Server\rewrite.php(47): require_once('C:\\laragon\\www\\...')
#11 {main}
CRITICAL - 2023-09-22 23:47:34 --> Unable to connect to the database.
Main connection [MySQLi]: No connection could be made because the target machine actively refused it
in SYSTEMPATH\Database\BaseConnection.php on line 427.
 1 SYSTEMPATH\Database\BaseConnection.php(574): CodeIgniter\Database\BaseConnection->initialize()
 2 SYSTEMPATH\Database\BaseBuilder.php(1615): CodeIgniter\Database\BaseConnection->query('SELECT *
FROM `table_products`', [], false)
 3 SYSTEMPATH\Model.php(237): CodeIgniter\Database\BaseBuilder->get()
 4 SYSTEMPATH\BaseModel.php(624): CodeIgniter\Model->doFindAll(0, 0)
 5 APPPATH\Controllers\ProductController.php(42): CodeIgniter\BaseModel->findAll()
 6 SYSTEMPATH\CodeIgniter.php(919): App\Controllers\ProductController->neil()
 7 SYSTEMPATH\CodeIgniter.php(494): CodeIgniter\CodeIgniter->runController(Object(App\Controllers\ProductController))
 8 SYSTEMPATH\CodeIgniter.php(353): CodeIgniter\CodeIgniter->handleRequest(null, Object(Config\Cache), false)
 9 FCPATH\index.php(79): CodeIgniter\CodeIgniter->run()
10 SYSTEMPATH\Commands\Server\rewrite.php(47): require_once('C:\\laragon\\www\\prdct\\public\\index.php')
ERROR - 2023-09-22 23:49:35 --> Error connecting to the database: mysqli_sql_exception: No connection could be made because the target machine actively refused it in C:\laragon\www\prdct\system\Database\MySQLi\Connection.php:185
Stack trace:
#0 C:\laragon\www\prdct\system\Database\MySQLi\Connection.php(185): mysqli->real_connect('localhost', 'root', '', 'prod', 3306, '', 0)
#1 C:\laragon\www\prdct\system\Database\BaseConnection.php(391): CodeIgniter\Database\MySQLi\Connection->connect(false)
#2 C:\laragon\www\prdct\system\Database\BaseConnection.php(574): CodeIgniter\Database\BaseConnection->initialize()
#3 C:\laragon\www\prdct\system\Database\BaseBuilder.php(1615): CodeIgniter\Database\BaseConnection->query('SELECT *\nFROM `...', Array, false)
#4 C:\laragon\www\prdct\system\Model.php(237): CodeIgniter\Database\BaseBuilder->get()
#5 C:\laragon\www\prdct\system\BaseModel.php(624): CodeIgniter\Model->doFindAll(0, 0)
#6 C:\laragon\www\prdct\app\Controllers\ProductController.php(42): CodeIgniter\BaseModel->findAll()
#7 C:\laragon\www\prdct\system\CodeIgniter.php(919): App\Controllers\ProductController->neil()
#8 C:\laragon\www\prdct\system\CodeIgniter.php(494): CodeIgniter\CodeIgniter->runController(Object(App\Controllers\ProductController))
#9 C:\laragon\www\prdct\system\CodeIgniter.php(353): CodeIgniter\CodeIgniter->handleRequest(NULL, Object(Config\Cache), false)
#10 C:\laragon\www\prdct\public\index.php(79): CodeIgniter\CodeIgniter->run()
#11 C:\laragon\www\prdct\system\Commands\Server\rewrite.php(47): require_once('C:\\laragon\\www\\...')
#12 {main}

Next CodeIgniter\Database\Exceptions\DatabaseException: No connection could be made because the target machine actively refused it in C:\laragon\www\prdct\system\Database\MySQLi\Connection.php:229
Stack trace:
#0 C:\laragon\www\prdct\system\Database\BaseConnection.php(391): CodeIgniter\Database\MySQLi\Connection->connect(false)
#1 C:\laragon\www\prdct\system\Database\BaseConnection.php(574): CodeIgniter\Database\BaseConnection->initialize()
#2 C:\laragon\www\prdct\system\Database\BaseBuilder.php(1615): CodeIgniter\Database\BaseConnection->query('SELECT *\nFROM `...', Array, false)
#3 C:\laragon\www\prdct\system\Model.php(237): CodeIgniter\Database\BaseBuilder->get()
#4 C:\laragon\www\prdct\system\BaseModel.php(624): CodeIgniter\Model->doFindAll(0, 0)
#5 C:\laragon\www\prdct\app\Controllers\ProductController.php(42): CodeIgniter\BaseModel->findAll()
#6 C:\laragon\www\prdct\system\CodeIgniter.php(919): App\Controllers\ProductController->neil()
#7 C:\laragon\www\prdct\system\CodeIgniter.php(494): CodeIgniter\CodeIgniter->runController(Object(App\Controllers\ProductController))
#8 C:\laragon\www\prdct\system\CodeIgniter.php(353): CodeIgniter\CodeIgniter->handleRequest(NULL, Object(Config\Cache), false)
#9 C:\laragon\www\prdct\public\index.php(79): CodeIgniter\CodeIgniter->run()
#10 C:\laragon\www\prdct\system\Commands\Server\rewrite.php(47): require_once('C:\\laragon\\www\\...')
#11 {main}
CRITICAL - 2023-09-22 23:49:35 --> Unable to connect to the database.
Main connection [MySQLi]: No connection could be made because the target machine actively refused it
in SYSTEMPATH\Database\BaseConnection.php on line 427.
 1 SYSTEMPATH\Database\BaseConnection.php(574): CodeIgniter\Database\BaseConnection->initialize()
 2 SYSTEMPATH\Database\BaseBuilder.php(1615): CodeIgniter\Database\BaseConnection->query('SELECT *
FROM `table_products`', [], false)
 3 SYSTEMPATH\Model.php(237): CodeIgniter\Database\BaseBuilder->get()
 4 SYSTEMPATH\BaseModel.php(624): CodeIgniter\Model->doFindAll(0, 0)
 5 APPPATH\Controllers\ProductController.php(42): CodeIgniter\BaseModel->findAll()
 6 SYSTEMPATH\CodeIgniter.php(919): App\Controllers\ProductController->neil()
 7 SYSTEMPATH\CodeIgniter.php(494): CodeIgniter\CodeIgniter->runController(Object(App\Controllers\ProductController))
 8 SYSTEMPATH\CodeIgniter.php(353): CodeIgniter\CodeIgniter->handleRequest(null, Object(Config\Cache), false)
 9 FCPATH\index.php(79): CodeIgniter\CodeIgniter->run()
10 SYSTEMPATH\Commands\Server\rewrite.php(47): require_once('C:\\laragon\\www\\prdct\\public\\index.php')
CRITICAL - 2023-09-22 23:50:19 --> Undefined variable $product
in APPPATH\Views\products.php on line 19.
 1 APPPATH\Views\products.php(19): CodeIgniter\Debug\Exceptions->errorHandler(2, 'Undefined variable $product', 'C:\\laragon\\www\\prdct\\app\\Views\\products.php', 19)
 2 SYSTEMPATH\View\View.php(226): include('C:\\laragon\\www\\prdct\\app\\Views\\products.php')
 3 SYSTEMPATH\View\View.php(229): CodeIgniter\View\View->CodeIgniter\View\{closure}()
 4 SYSTEMPATH\Common.php(1188): CodeIgniter\View\View->render('products', [], true)
 5 APPPATH\Controllers\ProductController.php(43): view('products')
 6 SYSTEMPATH\CodeIgniter.php(919): App\Controllers\ProductController->neil()
 7 SYSTEMPATH\CodeIgniter.php(494): CodeIgniter\CodeIgniter->runController(Object(App\Controllers\ProductController))
 8 SYSTEMPATH\CodeIgniter.php(353): CodeIgniter\CodeIgniter->handleRequest(null, Object(Config\Cache), false)
 9 FCPATH\index.php(79): CodeIgniter\CodeIgniter->run()
10 SYSTEMPATH\Commands\Server\rewrite.php(47): require_once('C:\\laragon\\www\\prdct\\public\\index.php')
CRITICAL - 2023-09-22 23:50:22 --> Undefined variable $product
in APPPATH\Views\products.php on line 19.
 1 APPPATH\Views\products.php(19): CodeIgniter\Debug\Exceptions->errorHandler(2, 'Undefined variable $product', 'C:\\laragon\\www\\prdct\\app\\Views\\products.php', 19)
 2 SYSTEMPATH\View\View.php(226): include('C:\\laragon\\www\\prdct\\app\\Views\\products.php')
 3 SYSTEMPATH\View\View.php(229): CodeIgniter\View\View->CodeIgniter\View\{closure}()
 4 SYSTEMPATH\Common.php(1188): CodeIgniter\View\View->render('products', [], true)
 5 APPPATH\Controllers\ProductController.php(43): view('products')
 6 SYSTEMPATH\CodeIgniter.php(919): App\Controllers\ProductController->neil()
 7 SYSTEMPATH\CodeIgniter.php(494): CodeIgniter\CodeIgniter->runController(Object(App\Controllers\ProductController))
 8 SYSTEMPATH\CodeIgniter.php(353): CodeIgniter\CodeIgniter->handleRequest(null, Object(Config\Cache), false)
 9 FCPATH\index.php(79): CodeIgniter\CodeIgniter->run()
10 SYSTEMPATH\Commands\Server\rewrite.php(47): require_once('C:\\laragon\\www\\prdct\\public\\index.php')
ERROR - 2023-09-22 23:57:41 --> mysqli_sql_exception: Column 'ProductName' cannot be null in C:\laragon\www\prdct\system\Database\MySQLi\Connection.php:306
Stack trace:
#0 C:\laragon\www\prdct\system\Database\MySQLi\Connection.php(306): mysqli->query('INSERT INTO `ta...', 0)
#1 C:\laragon\www\prdct\system\Database\BaseConnection.php(692): CodeIgniter\Database\MySQLi\Connection->execute('INSERT INTO `ta...')
#2 C:\laragon\www\prdct\system\Database\BaseConnection.php(606): CodeIgniter\Database\BaseConnection->simpleQuery('INSERT INTO `ta...')
#3 C:\laragon\www\prdct\system\Database\BaseBuilder.php(2308): CodeIgniter\Database\BaseConnection->query('INSERT INTO `ta...', Array, false)
#4 C:\laragon\www\prdct\system\Model.php(319): CodeIgniter\Database\BaseBuilder->insert()
#5 C:\laragon\www\prdct\system\BaseModel.php(788): CodeIgniter\Model->doInsert(Array)
#6 C:\laragon\www\prdct\system\Model.php(715): CodeIgniter\BaseModel->insert(Array, false)
#7 C:\laragon\www\prdct\system\BaseModel.php(698): CodeIgniter\Model->insert(Array, false)
#8 C:\laragon\www\prdct\app\Controllers\ProductController.php(29): CodeIgniter\BaseModel->save(Array)
#9 C:\laragon\www\prdct\system\CodeIgniter.php(919): App\Controllers\ProductController->save()
#10 C:\laragon\www\prdct\system\CodeIgniter.php(494): CodeIgniter\CodeIgniter->runController(Object(App\Controllers\ProductController))
#11 C:\laragon\www\prdct\system\CodeIgniter.php(353): CodeIgniter\CodeIgniter->handleRequest(NULL, Object(Config\Cache), false)
#12 C:\laragon\www\prdct\public\index.php(79): CodeIgniter\CodeIgniter->run()
#13 C:\laragon\www\prdct\system\Commands\Server\rewrite.php(47): require_once('C:\\laragon\\www\\...')
#14 {main}
CRITICAL - 2023-09-22 23:57:41 --> Column 'ProductName' cannot be null
in SYSTEMPATH\Database\BaseConnection.php on line 646.
 1 SYSTEMPATH\Database\BaseBuilder.php(2308): CodeIgniter\Database\BaseConnection->query('INSERT INTO `table_products` (`ProductName`, `ProductDescription`, `ProductCategory`, `ProductQuantity`, `ProductPrice`) VALUES (:ProductName:, :ProductDescription:, :ProductCategory:, :ProductQuantity:, :ProductPrice:)', [...], false)
 2 SYSTEMPATH\Model.php(319): CodeIgniter\Database\BaseBuilder->insert()
 3 SYSTEMPATH\BaseModel.php(788): CodeIgniter\Model->doInsert([...])
 4 SYSTEMPATH\Model.php(715): CodeIgniter\BaseModel->insert([...], false)
 5 SYSTEMPATH\BaseModel.php(698): CodeIgniter\Model->insert([...], false)
 6 APPPATH\Controllers\ProductController.php(29): CodeIgniter\BaseModel->save([...])
 7 SYSTEMPATH\CodeIgniter.php(919): App\Controllers\ProductController->save()
 8 SYSTEMPATH\CodeIgniter.php(494): CodeIgniter\CodeIgniter->runController(Object(App\Controllers\ProductController))
 9 SYSTEMPATH\CodeIgniter.php(353): CodeIgniter\CodeIgniter->handleRequest(null, Object(Config\Cache), false)
10 FCPATH\index.php(79): CodeIgniter\CodeIgniter->run()
11 SYSTEMPATH\Commands\Server\rewrite.php(47): require_once('C:\\laragon\\www\\prdct\\public\\index.php')
ERROR - 2023-09-22 23:58:19 --> mysqli_sql_exception: Column 'ProductName' cannot be null in C:\laragon\www\prdct\system\Database\MySQLi\Connection.php:306
Stack trace:
#0 C:\laragon\www\prdct\system\Database\MySQLi\Connection.php(306): mysqli->query('INSERT INTO `ta...', 0)
#1 C:\laragon\www\prdct\system\Database\BaseConnection.php(692): CodeIgniter\Database\MySQLi\Connection->execute('INSERT INTO `ta...')
#2 C:\laragon\www\prdct\system\Database\BaseConnection.php(606): CodeIgniter\Database\BaseConnection->simpleQuery('INSERT INTO `ta...')
#3 C:\laragon\www\prdct\system\Database\BaseBuilder.php(2308): CodeIgniter\Database\BaseConnection->query('INSERT INTO `ta...', Array, false)
#4 C:\laragon\www\prdct\system\Model.php(319): CodeIgniter\Database\BaseBuilder->insert()
#5 C:\laragon\www\prdct\system\BaseModel.php(788): CodeIgniter\Model->doInsert(Array)
#6 C:\laragon\www\prdct\system\Model.php(715): CodeIgniter\BaseModel->insert(Array, false)
#7 C:\laragon\www\prdct\system\BaseModel.php(698): CodeIgniter\Model->insert(Array, false)
#8 C:\laragon\www\prdct\app\Controllers\ProductController.php(29): CodeIgniter\BaseModel->save(Array)
#9 C:\laragon\www\prdct\system\CodeIgniter.php(919): App\Controllers\ProductController->save()
#10 C:\laragon\www\prdct\system\CodeIgniter.php(494): CodeIgniter\CodeIgniter->runController(Object(App\Controllers\ProductController))
#11 C:\laragon\www\prdct\system\CodeIgniter.php(353): CodeIgniter\CodeIgniter->handleRequest(NULL, Object(Config\Cache), false)
#12 C:\laragon\www\prdct\public\index.php(79): CodeIgniter\CodeIgniter->run()
#13 C:\laragon\www\prdct\system\Commands\Server\rewrite.php(47): require_once('C:\\laragon\\www\\...')
#14 {main}
CRITICAL - 2023-09-22 23:58:19 --> Column 'ProductName' cannot be null
in SYSTEMPATH\Database\BaseConnection.php on line 646.
 1 SYSTEMPATH\Database\BaseBuilder.php(2308): CodeIgniter\Database\BaseConnection->query('INSERT INTO `table_products` (`ProductName`, `ProductDescription`, `ProductCategory`, `ProductQuantity`, `ProductPrice`) VALUES (:ProductName:, :ProductDescription:, :ProductCategory:, :ProductQuantity:, :ProductPrice:)', [...], false)
 2 SYSTEMPATH\Model.php(319): CodeIgniter\Database\BaseBuilder->insert()
 3 SYSTEMPATH\BaseModel.php(788): CodeIgniter\Model->doInsert([...])
 4 SYSTEMPATH\Model.php(715): CodeIgniter\BaseModel->insert([...], false)
 5 SYSTEMPATH\BaseModel.php(698): CodeIgniter\Model->insert([...], false)
 6 APPPATH\Controllers\ProductController.php(29): CodeIgniter\BaseModel->save([...])
 7 SYSTEMPATH\CodeIgniter.php(919): App\Controllers\ProductController->save()
 8 SYSTEMPATH\CodeIgniter.php(494): CodeIgniter\CodeIgniter->runController(Object(App\Controllers\ProductController))
 9 SYSTEMPATH\CodeIgniter.php(353): CodeIgniter\CodeIgniter->handleRequest(null, Object(Config\Cache), false)
10 FCPATH\index.php(79): CodeIgniter\CodeIgniter->run()
11 SYSTEMPATH\Commands\Server\rewrite.php(47): require_once('C:\\laragon\\www\\prdct\\public\\index.php')
